Fri Apr 11 12:44:21 UTC 2025
Sat Apr 12 13:01:41 UTC 2025
Sun Apr 13 13:03:15 UTC 2025
Mon Apr 14 13:21:03 UTC 2025
Tue Apr 15 13:19:48 UTC 2025
Wed Apr 16 13:19:47 UTC 2025
Thu Apr 17 13:18:15 UTC 2025
Fri Apr 18 13:14:46 UTC 2025
Sat Apr 19 13:01:55 UTC 2025
Sun Apr 20 13:05:02 UTC 2025
Mon Apr 21 13:16:48 UTC 2025
Tue Apr 22 13:19:31 UTC 2025
Wed Apr 23 13:20:09 UTC 2025
Thu Apr 24 13:35:49 UTC 2025
Fri Apr 25 13:18:34 UTC 2025
Sat Apr 26 13:03:24 UTC 2025
Sun Apr 27 13:03:43 UTC 2025
Mon Apr 28 13:49:44 UTC 2025
Tue Apr 29 13:43:44 UTC 2025
Wed Apr 30 13:18:54 UTC 2025
Thu May  1 13:17:12 UTC 2025
Fri May  2 13:18:12 UTC 2025
Sat May  3 13:04:46 UTC 2025
Sun May  4 13:05:26 UTC 2025
Mon May  5 13:35:20 UTC 2025
Tue May  6 13:38:31 UTC 2025
Wed May  7 13:40:27 UTC 2025
Thu May  8 13:34:46 UTC 2025
Fri May  9 13:20:09 UTC 2025
Sat May 10 13:04:58 UTC 2025
Sun May 11 13:05:18 UTC 2025
Mon May 12 12:15:22 UTC 2025
Tue May 13 12:15:24 UTC 2025
Wed May 14 12:14:50 UTC 2025
Thu May 15 12:15:02 UTC 2025
Fri May 16 12:15:34 UTC 2025
Sat May 17 12:13:01 UTC 2025
Sun May 18 12:13:21 UTC 2025
Mon May 19 12:15:41 UTC 2025
Tue May 20 12:15:25 UTC 2025
Wed May 21 12:15:12 UTC 2025
Thu May 22 12:15:49 UTC 2025
Fri May 23 12:14:53 UTC 2025
Sat May 24 12:13:04 UTC 2025
Sun May 25 12:13:18 UTC 2025
